c:\users\bum\desktop\github\tetris\project_beom\project_beom\debug\vc142.pdb
c:\users\bum\desktop\github\tetris\project_beom\project_beom\debug\vc142.idb
c:\users\bum\desktop\github\tetris\project_beom\project_beom\debug\stage.obj
c:\users\bum\desktop\github\tetris\project_beom\project_beom\debug\scene.obj
c:\users\bum\desktop\github\tetris\project_beom\project_beom\debug\scenemanager.obj
c:\users\bum\desktop\github\tetris\project_beom\project_beom\debug\maingame.obj
c:\users\bum\desktop\github\tetris\project_beom\project_beom\debug\project_beom.obj
c:\users\bum\desktop\github\tetris\project_beom\project_beom\debug\gameobject.obj
c:\users\bum\desktop\github\tetris\project_beom\project_beom\debug\block.obj
c:\users\bum\desktop\github\tetris\project_beom\project_beom\debug\timer.obj
c:\users\bum\desktop\github\tetris\project_beom\project_beom\debug\inputmanager.obj
c:\users\bum\desktop\github\tetris\project_beom\project_beom\debug\mainmenu.obj
c:\users\bum\desktop\github\tetris\project_beom\project_beom\debug\project_beom.pch
c:\users\bum\desktop\github\tetris\project_beom\project_beom\debug\pch.obj
c:\users\bum\desktop\github\tetris\project_beom\debug\project_beom.exe
c:\users\bum\desktop\github\tetris\project_beom\debug\project_beom.ilk
c:\users\bum\desktop\github\tetris\project_beom\debug\project_beom.pdb
c:\users\bum\desktop\github\tetris\project_beom\project_beom\debug\vc141.idb
c:\users\bum\desktop\github\tetris\project_beom\project_beom\debug\vc141.pdb
c:\users\bum\desktop\github\tetris\project_beom\project_beom\debug\project_beom.tlog\cl.command.1.tlog
c:\users\bum\desktop\github\tetris\project_beom\project_beom\debug\project_beom.tlog\cl.read.1.tlog
c:\users\bum\desktop\github\tetris\project_beom\project_beom\debug\project_beom.tlog\cl.write.1.tlog
c:\users\bum\desktop\github\tetris\project_beom\project_beom\debug\project_beom.tlog\link.command.1.tlog
c:\users\bum\desktop\github\tetris\project_beom\project_beom\debug\project_beom.tlog\link.read.1.tlog
c:\users\bum\desktop\github\tetris\project_beom\project_beom\debug\project_beom.tlog\link.write.1.tlog
